<?xml version="1.0" encoding="UTF-8"?>
<configuration xmlns="http://www.christofreichardt.de/shamirs-test-suite">
    <packages>
        <package name="de.christofreichardt.shamirsweb.test">
            <classes>
                <class simpleName="DummyUnit" enabled="true"/>
                <class simpleName="ShamirsServiceUnit" enabled="false"/>
                <class simpleName="KeystoreResourceUnit" enabled="true"/>
                <class simpleName="SessionResourceUnit" enabled="true"/>
                <class simpleName="DocumentResourceUnit" enabled="true"/>
                <class simpleName="SliceResourceUnit" enabled="true"/>
                <!--
                    <class simpleName="SecondDummy" enabled="false"/>
                -->
            </classes>
        </package>
        <!--
            <package name="de.adesso.iam.secondtest">
                <classes>
                    <class simpleName="SecondDummy"/>
                </classes>
            </package>
        -->
    </packages>
</configuration>
